<?xml version="1.0" encoding="UTF-8"?>
<testsuite name="JUnit Jupiter" tests="2" skipped="0" failures="0" errors="0" time="15" hostname="M-NAKHJIRI-10" timestamp="2025-09-20T09:59:00">
<properties>
<property name="basedir" value="F:\MyProject\Selenium-New-Version\xray-test"/>
<property name="file.encoding" value="UTF-8"/>
<property name="file.separator" value="\"/>
<property name="idea.version" value="2024.1.2"/>
<property name="java.class.path" value="F:\MyProject\Selenium-New-Version\xray-test\target\test-classes;F:\MyProject\Selenium-New-Version\xray-test\target\classes;C:\Users\m_nakhjiri\.m2\repository\org\junit\jupiter\junit-jupiter\5.10.2\junit-jupiter-5.10.2.jar;C:\Users\m_nakhjiri\.m2\repository\org\junit\jupiter\junit-jupiter-api\5.10.2\junit-jupiter-api-5.10.2.jar;C:\Users\m_nakhjiri\.m2\repository\org\opentest4j\opentest4j\1.3.0\opentest4j-1.3.0.jar;C:\Users\m_nakhjiri\.m2\repository\org\apiguardian\apiguardian-api\1.1.2\apiguardian-api-1.1.2.jar;C:\Users\m_nakhjiri\.m2\repository\org\junit\jupiter\junit-jupiter-params\5.10.2\junit-jupiter-params-5.10.2.jar;C:\Users\m_nakhjiri\.m2\repository\org\junit\jupiter\junit-jupiter-engine\5.10.2\junit-jupiter-engine-5.10.2.jar;C:\Users\m_nakhjiri\.m2\repository\app\getxray\xray-junit-extensions\0.7.1\xray-junit-extensions-0.7.1.jar;C:\Users\m_nakhjiri\.m2\repository\org\junit\platform\junit-platform-reporting\1.10.2\junit-platform-reporting-1.10.2.jar;C:\Users\m_nakhjiri\.m2\repository\org\junit\platform\junit-platform-launcher\1.10.2\junit-platform-launcher-1.10.2.jar;C:\Users\m_nakhjiri\.m2\repository\org\junit\platform\junit-platform-engine\1.10.2\junit-platform-engine-1.10.2.jar;C:\Users\m_nakhjiri\.m2\repository\org\junit\platform\junit-platform-commons\1.10.2\junit-platform-commons-1.10.2.jar;C:\Users\m_nakhjiri\.m2\repository\app\getxray\xray-maven-plugin\0.7.3\xray-maven-plugin-0.7.3.jar;C:\Users\m_nakhjiri\.m2\repository\com\squareup\okhttp3\okhttp\4.9.3\okhttp-4.9.3.jar;C:\Users\m_nakhjiri\.m2\repository\com\squareup\okio\okio\2.8.0\okio-2.8.0.jar;C:\Users\m_nakhjiri\.m2\repository\org\jetbrains\kotlin\kotlin-stdlib-common\1.4.0\kotlin-stdlib-common-1.4.0.jar;C:\Users\m_nakhjiri\.m2\repository\org\jetbrains\kotlin\kotlin-stdlib\1.4.10\kotlin-stdlib-1.4.10.jar;C:\Users\m_nakhjiri\.m2\repository\org\jetbrains\annotations\13.0\annotations-13.0.jar;C:\Users\m_nakhjiri\.m2\repository\org\json\json\20230227\json-20230227.jar;C:\Users\m_nakhjiri\.m2\repository\org\codehaus\plexus\plexus-utils\3.4.1\plexus-utils-3.4.1.jar;C:\Users\m_nakhjiri\.m2\repository\org\seleniumhq\selenium\selenium-java\4.1.2\selenium-java-4.1.2.jar;C:\Users\m_nakhjiri\.m2\repository\org\seleniumhq\selenium\selenium-api\4.1.2\selenium-api-4.1.2.jar;C:\Users\m_nakhjiri\.m2\repository\org\seleniumhq\selenium\selenium-chrome-driver\4.1.2\selenium-chrome-driver-4.1.2.jar;C:\Users\m_nakhjiri\.m2\repository\com\google\auto\service\auto-service-annotations\1.0.1\auto-service-annotations-1.0.1.jar;C:\Users\m_nakhjiri\.m2\repository\com\google\auto\service\auto-service\1.0.1\auto-service-1.0.1.jar;C:\Users\m_nakhjiri\.m2\repository\com\google\auto\auto-common\1.2\auto-common-1.2.jar;C:\Users\m_nakhjiri\.m2\repository\com\google\guava\guava\31.0.1-jre\guava-31.0.1-jre.jar;C:\Users\m_nakhjiri\.m2\repository\com\google\guava\failureaccess\1.0.1\failureaccess-1.0.1.jar;C:\Users\m_nakhjiri\.m2\repository\com\google\guava\listenablefuture\9999.0-empty-to-avoid-conflict-with-guava\listenablefuture-9999.0-empty-to-avoid-conflict-with-guava.jar;C:\Users\m_nakhjiri\.m2\repository\com\google\code\findbugs\jsr305\3.0.2\jsr305-3.0.2.jar;C:\Users\m_nakhjiri\.m2\repository\org\checkerframework\checker-qual\3.12.0\checker-qual-3.12.0.jar;C:\Users\m_nakhjiri\.m2\repository\com\google\errorprone\error_prone_annotations\2.7.1\error_prone_annotations-2.7.1.jar;C:\Users\m_nakhjiri\.m2\repository\com\google\j2objc\j2objc-annotations\1.3\j2objc-annotations-1.3.jar;C:\Users\m_nakhjiri\.m2\repository\org\seleniumhq\selenium\selenium-chromium-driver\4.1.2\selenium-chromium-driver-4.1.2.jar;C:\Users\m_nakhjiri\.m2\repository\org\seleniumhq\selenium\selenium-json\4.1.2\selenium-json-4.1.2.jar;C:\Users\m_nakhjiri\.m2\repository\org\seleniumhq\selenium\selenium-devtools-v85\4.1.2\selenium-devtools-v85-4.1.2.jar;C:\Users\m_nakhjiri\.m2\repository\org\seleniumhq\selenium\selenium-devtools-v95\4.1.2\selenium-devtools-v95-4.1.2.jar;C:\Users\m_nakhjiri\.m2\repository\org\seleniumhq\selenium\selenium-devtools-v96\4.1.2\selenium-devtools-v96-4.1.2.jar;C:\Users\m_nakhjiri\.m2\repository\org\seleniumhq\selenium\selenium-devtools-v97\4.1.2\selenium-devtools-v97-4.1.2.jar;C:\Users\m_nakhjiri\.m2\repository\org\seleniumhq\selenium\selenium-edge-driver\4.1.2\selenium-edge-driver-4.1.2.jar;C:\Users\m_nakhjiri\.m2\repository\org\seleniumhq\selenium\selenium-firefox-driver\4.1.2\selenium-firefox-driver-4.1.2.jar;C:\Users\m_nakhjiri\.m2\repository\org\seleniumhq\selenium\selenium-firefox-xpi-driver\4.1.2\selenium-firefox-xpi-driver-4.1.2.jar;C:\Users\m_nakhjiri\.m2\repository\org\seleniumhq\selenium\selenium-ie-driver\4.1.2\selenium-ie-driver-4.1.2.jar;C:\Users\m_nakhjiri\.m2\repository\org\seleniumhq\selenium\selenium-opera-driver\4.1.2\selenium-opera-driver-4.1.2.jar;C:\Users\m_nakhjiri\.m2\repository\org\seleniumhq\selenium\selenium-remote-driver\4.1.2\selenium-remote-driver-4.1.2.jar;C:\Users\m_nakhjiri\.m2\repository\com\beust\jcommander\1.82\jcommander-1.82.jar;C:\Users\m_nakhjiri\.m2\repository\io\netty\netty-buffer\4.1.73.Final\netty-buffer-4.1.73.Final.jar;C:\Users\m_nakhjiri\.m2\repository\io\netty\netty-codec-http\4.1.73.Final\netty-codec-http-4.1.73.Final.jar;C:\Users\m_nakhjiri\.m2\repository\io\netty\netty-codec\4.1.73.Final\netty-codec-4.1.73.Final.jar;C:\Users\m_nakhjiri\.m2\repository\io\netty\netty-handler\4.1.73.Final\netty-handler-4.1.73.Final.jar;C:\Users\m_nakhjiri\.m2\repository\io\netty\netty-tcnative-classes\2.0.46.Final\netty-tcnative-classes-2.0.46.Final.jar;C:\Users\m_nakhjiri\.m2\repository\io\netty\netty-common\4.1.73.Final\netty-common-4.1.73.Final.jar;C:\Users\m_nakhjiri\.m2\repository\io\netty\netty-transport-classes-epoll\4.1.73.Final\netty-transport-classes-epoll-4.1.73.Final.jar;C:\Users\m_nakhjiri\.m2\repository\io\netty\netty-transport-classes-kqueue\4.1.73.Final\netty-transport-classes-kqueue-4.1.73.Final.jar;C:\Users\m_nakhjiri\.m2\repository\io\netty\netty-transport-native-epoll\4.1.73.Final\netty-transport-native-epoll-4.1.73.Final.jar;C:\Users\m_nakhjiri\.m2\repository\io\netty\netty-transport-native-kqueue\4.1.73.Final\netty-transport-native-kqueue-4.1.73.Final.jar;C:\Users\m_nakhjiri\.m2\repository\io\netty\netty-transport-native-unix-common\4.1.73.Final\netty-transport-native-unix-common-4.1.73.Final.jar;C:\Users\m_nakhjiri\.m2\repository\io\netty\netty-transport\4.1.73.Final\netty-transport-4.1.73.Final.jar;C:\Users\m_nakhjiri\.m2\repository\io\netty\netty-resolver\4.1.73.Final\netty-resolver-4.1.73.Final.jar;C:\Users\m_nakhjiri\.m2\repository\io\opentelemetry\opentelemetry-api\1.10.1\opentelemetry-api-1.10.1.jar;C:\Users\m_nakhjiri\.m2\repository\io\opentelemetry\opentelemetry-context\1.10.1\opentelemetry-context-1.10.1.jar;C:\Users\m_nakhjiri\.m2\repository\io\opentelemetry\opentelemetry-exporter-logging\1.10.1\opentelemetry-exporter-logging-1.10.1.jar;C:\Users\m_nakhjiri\.m2\repository\io\opentelemetry\opentelemetry-sdk-metrics\1.10.1-alpha\opentelemetry-sdk-metrics-1.10.1-alpha.jar;C:\Users\m_nakhjiri\.m2\repository\io\opentelemetry\opentelemetry-sdk-logs\1.10.1-alpha\opentelemetry-sdk-logs-1.10.1-alpha.jar;C:\Users\m_nakhjiri\.m2\repository\io\opentelemetry\opentelemetry-sdk-common\1.10.1\opentelemetry-sdk-common-1.10.1.jar;C:\Users\m_nakhjiri\.m2\repository\io\opentelemetry\opentelemetry-sdk-extension-autoconfigure-spi\1.10.1\opentelemetry-sdk-extension-autoconfigure-spi-1.10.1.jar;C:\Users\m_nakhjiri\.m2\repository\io\opentelemetry\opentelemetry-sdk-extension-autoconfigure\1.10.1-alpha\opentelemetry-sdk-extension-autoconfigure-1.10.1-alpha.jar;C:\Users\m_nakhjiri\.m2\repository\io\opentelemetry\opentelemetry-sdk-trace\1.10.1\opentelemetry-sdk-trace-1.10.1.jar;C:\Users\m_nakhjiri\.m2\repository\io\opentelemetry\opentelemetry-sdk\1.10.1\opentelemetry-sdk-1.10.1.jar;C:\Users\m_nakhjiri\.m2\repository\io\opentelemetry\opentelemetry-semconv\1.10.1-alpha\opentelemetry-semconv-1.10.1-alpha.jar;C:\Users\m_nakhjiri\.m2\repository\io\ous\jtoml\2.0.0\jtoml-2.0.0.jar;C:\Users\m_nakhjiri\.m2\repository\net\bytebuddy\byte-buddy\1.12.7\byte-buddy-1.12.7.jar;C:\Users\m_nakhjiri\.m2\repository\org\apache\commons\commons-exec\1.3\commons-exec-1.3.jar;C:\Users\m_nakhjiri\.m2\repository\org\asynchttpclient\async-http-client\2.12.3\async-http-client-2.12.3.jar;C:\Users\m_nakhjiri\.m2\repository\org\asynchttpclient\async-http-client-netty-utils\2.12.3\async-http-client-netty-utils-2.12.3.jar;C:\Users\m_nakhjiri\.m2\repository\io\netty\netty-codec-socks\4.1.60.Final\netty-codec-socks-4.1.60.Final.jar;C:\Users\m_nakhjiri\.m2\repository\io\netty\netty-handler-proxy\4.1.60.Final\netty-handler-proxy-4.1.60.Final.jar;C:\Users\m_nakhjiri\.m2\repository\io\netty\netty-transport-native-epoll\4.1.60.Final\netty-transport-native-epoll-4.1.60.Final-linux-x86_64.jar;C:\Users\m_nakhjiri\.m2\repository\io\netty\netty-transport-native-kqueue\4.1.60.Final\netty-transport-native-kqueue-4.1.60.Final-osx-x86_64.jar;C:\Users\m_nakhjiri\.m2\repository\org\reactivestreams\reactive-streams\1.0.3\reactive-streams-1.0.3.jar;C:\Users\m_nakhjiri\.m2\repository\com\typesafe\netty\netty-reactive-streams\2.0.4\netty-reactive-streams-2.0.4.jar;C:\Users\m_nakhjiri\.m2\repository\org\slf4j\slf4j-api\1.7.30\slf4j-api-1.7.30.jar;C:\Users\m_nakhjiri\.m2\repository\com\sun\activation\jakarta.activation\1.2.2\jakarta.activation-1.2.2.jar;C:\Users\m_nakhjiri\.m2\repository\org\seleniumhq\selenium\selenium-http\4.1.2\selenium-http-4.1.2.jar;C:\Users\m_nakhjiri\.m2\repository\net\jodah\failsafe\2.4.4\failsafe-2.4.4.jar;C:\Users\m_nakhjiri\.m2\repository\org\seleniumhq\selenium\selenium-safari-driver\4.1.2\selenium-safari-driver-4.1.2.jar;C:\Users\m_nakhjiri\.m2\repository\org\seleniumhq\selenium\selenium-support\4.1.2\selenium-support-4.1.2.jar;"/>
<property name="java.class.version" value="65.0"/>
<property name="java.home" value="C:\Program Files\Java\jdk-21"/>
<property name="java.io.tmpdir" value="C:\Users\M_NAKH~1\AppData\Local\Temp\"/>
<property name="java.library.path" value="C:\Program Files\Java\jdk-21\bin;C:\Windows\Sun\Java\bin;C:\Windows\system32;C:\Windows;C:\Windows\system32;C:\Windows;C:\Windows\System32\Wbem;C:\Windows\System32\WindowsPowerShell\v1.0\;C:\Windows\System32\OpenSSH\;C:\OpenSSL-Win32\bin;C:\Program Files (x86)\IBM\Personal Communications\;C:\Program Files (x86)\IBM\Trace Facility\;C:\Program Files\Git\cmd;C:\Program Files\Docker\Docker\resources\bin;C:\ProgramData\chocolatey\bin;C:\Program Files\nodejs\;C:\Program Files\dotnet\;C:\Users\m_nakhjiri\AppData\Local\Programs\Python\Python312\Scripts\;C:\Users\m_nakhjiri\AppData\Local\Programs\Python\Python312\;C:\Users\m_nakhjiri\scoop\shims;C:\Users\m_nakhjiri\AppData\Local\pnpm;C:\Program Files\MySQL\MySQL Shell 8.0\bin\;C:\Users\m_nakhjiri\AppData\Local\Microsoft\WindowsApps;C:\Program Files\Java\jdk-11\bin;C:\Users\m_nakhjiri\AppData\Local\Programs\Microsoft VS Code\bin;C:\Users\m_nakhjiri\Desktop\Electron\FFmpeg\bin;C:\Program Files\nodejs;F:\apache-maven-3.8.6\bin;C:\Users\m_nakhjiri\AppData\Local\GitHubDesktop\bin;F:\coureses\Tools\spring-boot\spring-boot-cli-3.1.4-bin\spring-3.1.4\bin;E:\Gradle\gradle-8.7\bin;C:\Users\m_nakhjiri\AppData\Roaming\npm;."/>
<property name="java.runtime.name" value="Java(TM) SE Runtime Environment"/>
<property name="java.runtime.version" value="21.0.2+13-LTS-58"/>
<property name="java.specification.name" value="Java Platform API Specification"/>
<property name="java.specification.vendor" value="Oracle Corporation"/>
<property name="java.specification.version" value="21"/>
<property name="java.vendor" value="Oracle Corporation"/>
<property name="java.vendor.url" value="https://java.oracle.com/"/>
<property name="java.vendor.url.bug" value="https://bugreport.java.com/bugreport/"/>
<property name="java.version" value="21.0.2"/>
<property name="java.version.date" value="2024-01-16"/>
<property name="java.vm.compressedOopsMode" value="Zero based"/>
<property name="java.vm.info" value="mixed mode, sharing"/>
<property name="java.vm.name" value="Java HotSpot(TM) 64-Bit Server VM"/>
<property name="java.vm.specification.name" value="Java Virtual Machine Specification"/>
<property name="java.vm.specification.vendor" value="Oracle Corporation"/>
<property name="java.vm.specification.version" value="21"/>
<property name="java.vm.vendor" value="Oracle Corporation"/>
<property name="java.vm.version" value="21.0.2+13-LTS-58"/>
<property name="jdk.debug" value="release"/>
<property name="line.separator" value="
"/>
<property name="localRepository" value="C:\Users\m_nakhjiri\.m2\repository"/>
<property name="native.encoding" value="Cp1256"/>
<property name="os.arch" value="amd64"/>
<property name="os.name" value="Windows 10"/>
<property name="os.version" value="10.0"/>
<property name="path.separator" value=";"/>
<property name="stderr.encoding" value="Cp1256"/>
<property name="stdout.encoding" value="Cp1256"/>
<property name="sun.arch.data.model" value="64"/>
<property name="sun.boot.library.path" value="C:\Program Files\Java\jdk-21\bin"/>
<property name="sun.cpu.endian" value="little"/>
<property name="sun.cpu.isalist" value="amd64"/>
<property name="sun.io.unicode.encoding" value="UnicodeLittle"/>
<property name="sun.java.command" value="C:\Users\m_nakhjiri\AppData\Local\Temp\surefire10477919086197739024\surefirebooter-20250920095843607_3.jar C:\Users\m_nakhjiri\AppData\Local\Temp\surefire10477919086197739024 2025-09-20T09-58-43_322-jvmRun1 surefire-20250920095843607_1tmp surefire_0-20250920095843607_2tmp"/>
<property name="sun.java.launcher" value="SUN_STANDARD"/>
<property name="sun.jnu.encoding" value="Cp1256"/>
<property name="sun.management.compiler" value="HotSpot 64-Bit Tiered Compilers"/>
<property name="sun.os.patch.level" value=""/>
<property name="surefire.real.class.path" value="C:\Users\m_nakhjiri\AppData\Local\Temp\surefire10477919086197739024\surefirebooter-20250920095843607_3.jar"/>
<property name="surefire.test.class.path" value="F:\MyProject\Selenium-New-Version\xray-test\target\test-classes;F:\MyProject\Selenium-New-Version\xray-test\target\classes;C:\Users\m_nakhjiri\.m2\repository\org\junit\jupiter\junit-jupiter\5.10.2\junit-jupiter-5.10.2.jar;C:\Users\m_nakhjiri\.m2\repository\org\junit\jupiter\junit-jupiter-api\5.10.2\junit-jupiter-api-5.10.2.jar;C:\Users\m_nakhjiri\.m2\repository\org\opentest4j\opentest4j\1.3.0\opentest4j-1.3.0.jar;C:\Users\m_nakhjiri\.m2\repository\org\apiguardian\apiguardian-api\1.1.2\apiguardian-api-1.1.2.jar;C:\Users\m_nakhjiri\.m2\repository\org\junit\jupiter\junit-jupiter-params\5.10.2\junit-jupiter-params-5.10.2.jar;C:\Users\m_nakhjiri\.m2\repository\org\junit\jupiter\junit-jupiter-engine\5.10.2\junit-jupiter-engine-5.10.2.jar;C:\Users\m_nakhjiri\.m2\repository\app\getxray\xray-junit-extensions\0.7.1\xray-junit-extensions-0.7.1.jar;C:\Users\m_nakhjiri\.m2\repository\org\junit\platform\junit-platform-reporting\1.10.2\junit-platform-reporting-1.10.2.jar;C:\Users\m_nakhjiri\.m2\repository\org\junit\platform\junit-platform-launcher\1.10.2\junit-platform-launcher-1.10.2.jar;C:\Users\m_nakhjiri\.m2\repository\org\junit\platform\junit-platform-engine\1.10.2\junit-platform-engine-1.10.2.jar;C:\Users\m_nakhjiri\.m2\repository\org\junit\platform\junit-platform-commons\1.10.2\junit-platform-commons-1.10.2.jar;C:\Users\m_nakhjiri\.m2\repository\app\getxray\xray-maven-plugin\0.7.3\xray-maven-plugin-0.7.3.jar;C:\Users\m_nakhjiri\.m2\repository\com\squareup\okhttp3\okhttp\4.9.3\okhttp-4.9.3.jar;C:\Users\m_nakhjiri\.m2\repository\com\squareup\okio\okio\2.8.0\okio-2.8.0.jar;C:\Users\m_nakhjiri\.m2\repository\org\jetbrains\kotlin\kotlin-stdlib-common\1.4.0\kotlin-stdlib-common-1.4.0.jar;C:\Users\m_nakhjiri\.m2\repository\org\jetbrains\kotlin\kotlin-stdlib\1.4.10\kotlin-stdlib-1.4.10.jar;C:\Users\m_nakhjiri\.m2\repository\org\jetbrains\annotations\13.0\annotations-13.0.jar;C:\Users\m_nakhjiri\.m2\repository\org\json\json\20230227\json-20230227.jar;C:\Users\m_nakhjiri\.m2\repository\org\codehaus\plexus\plexus-utils\3.4.1\plexus-utils-3.4.1.jar;C:\Users\m_nakhjiri\.m2\repository\org\seleniumhq\selenium\selenium-java\4.1.2\selenium-java-4.1.2.jar;C:\Users\m_nakhjiri\.m2\repository\org\seleniumhq\selenium\selenium-api\4.1.2\selenium-api-4.1.2.jar;C:\Users\m_nakhjiri\.m2\repository\org\seleniumhq\selenium\selenium-chrome-driver\4.1.2\selenium-chrome-driver-4.1.2.jar;C:\Users\m_nakhjiri\.m2\repository\com\google\auto\service\auto-service-annotations\1.0.1\auto-service-annotations-1.0.1.jar;C:\Users\m_nakhjiri\.m2\repository\com\google\auto\service\auto-service\1.0.1\auto-service-1.0.1.jar;C:\Users\m_nakhjiri\.m2\repository\com\google\auto\auto-common\1.2\auto-common-1.2.jar;C:\Users\m_nakhjiri\.m2\repository\com\google\guava\guava\31.0.1-jre\guava-31.0.1-jre.jar;C:\Users\m_nakhjiri\.m2\repository\com\google\guava\failureaccess\1.0.1\failureaccess-1.0.1.jar;C:\Users\m_nakhjiri\.m2\repository\com\google\guava\listenablefuture\9999.0-empty-to-avoid-conflict-with-guava\listenablefuture-9999.0-empty-to-avoid-conflict-with-guava.jar;C:\Users\m_nakhjiri\.m2\repository\com\google\code\findbugs\jsr305\3.0.2\jsr305-3.0.2.jar;C:\Users\m_nakhjiri\.m2\repository\org\checkerframework\checker-qual\3.12.0\checker-qual-3.12.0.jar;C:\Users\m_nakhjiri\.m2\repository\com\google\errorprone\error_prone_annotations\2.7.1\error_prone_annotations-2.7.1.jar;C:\Users\m_nakhjiri\.m2\repository\com\google\j2objc\j2objc-annotations\1.3\j2objc-annotations-1.3.jar;C:\Users\m_nakhjiri\.m2\repository\org\seleniumhq\selenium\selenium-chromium-driver\4.1.2\selenium-chromium-driver-4.1.2.jar;C:\Users\m_nakhjiri\.m2\repository\org\seleniumhq\selenium\selenium-json\4.1.2\selenium-json-4.1.2.jar;C:\Users\m_nakhjiri\.m2\repository\org\seleniumhq\selenium\selenium-devtools-v85\4.1.2\selenium-devtools-v85-4.1.2.jar;C:\Users\m_nakhjiri\.m2\repository\org\seleniumhq\selenium\selenium-devtools-v95\4.1.2\selenium-devtools-v95-4.1.2.jar;C:\Users\m_nakhjiri\.m2\repository\org\seleniumhq\selenium\selenium-devtools-v96\4.1.2\selenium-devtools-v96-4.1.2.jar;C:\Users\m_nakhjiri\.m2\repository\org\seleniumhq\selenium\selenium-devtools-v97\4.1.2\selenium-devtools-v97-4.1.2.jar;C:\Users\m_nakhjiri\.m2\repository\org\seleniumhq\selenium\selenium-edge-driver\4.1.2\selenium-edge-driver-4.1.2.jar;C:\Users\m_nakhjiri\.m2\repository\org\seleniumhq\selenium\selenium-firefox-driver\4.1.2\selenium-firefox-driver-4.1.2.jar;C:\Users\m_nakhjiri\.m2\repository\org\seleniumhq\selenium\selenium-firefox-xpi-driver\4.1.2\selenium-firefox-xpi-driver-4.1.2.jar;C:\Users\m_nakhjiri\.m2\repository\org\seleniumhq\selenium\selenium-ie-driver\4.1.2\selenium-ie-driver-4.1.2.jar;C:\Users\m_nakhjiri\.m2\repository\org\seleniumhq\selenium\selenium-opera-driver\4.1.2\selenium-opera-driver-4.1.2.jar;C:\Users\m_nakhjiri\.m2\repository\org\seleniumhq\selenium\selenium-remote-driver\4.1.2\selenium-remote-driver-4.1.2.jar;C:\Users\m_nakhjiri\.m2\repository\com\beust\jcommander\1.82\jcommander-1.82.jar;C:\Users\m_nakhjiri\.m2\repository\io\netty\netty-buffer\4.1.73.Final\netty-buffer-4.1.73.Final.jar;C:\Users\m_nakhjiri\.m2\repository\io\netty\netty-codec-http\4.1.73.Final\netty-codec-http-4.1.73.Final.jar;C:\Users\m_nakhjiri\.m2\repository\io\netty\netty-codec\4.1.73.Final\netty-codec-4.1.73.Final.jar;C:\Users\m_nakhjiri\.m2\repository\io\netty\netty-handler\4.1.73.Final\netty-handler-4.1.73.Final.jar;C:\Users\m_nakhjiri\.m2\repository\io\netty\netty-tcnative-classes\2.0.46.Final\netty-tcnative-classes-2.0.46.Final.jar;C:\Users\m_nakhjiri\.m2\repository\io\netty\netty-common\4.1.73.Final\netty-common-4.1.73.Final.jar;C:\Users\m_nakhjiri\.m2\repository\io\netty\netty-transport-classes-epoll\4.1.73.Final\netty-transport-classes-epoll-4.1.73.Final.jar;C:\Users\m_nakhjiri\.m2\repository\io\netty\netty-transport-classes-kqueue\4.1.73.Final\netty-transport-classes-kqueue-4.1.73.Final.jar;C:\Users\m_nakhjiri\.m2\repository\io\netty\netty-transport-native-epoll\4.1.73.Final\netty-transport-native-epoll-4.1.73.Final.jar;C:\Users\m_nakhjiri\.m2\repository\io\netty\netty-transport-native-kqueue\4.1.73.Final\netty-transport-native-kqueue-4.1.73.Final.jar;C:\Users\m_nakhjiri\.m2\repository\io\netty\netty-transport-native-unix-common\4.1.73.Final\netty-transport-native-unix-common-4.1.73.Final.jar;C:\Users\m_nakhjiri\.m2\repository\io\netty\netty-transport\4.1.73.Final\netty-transport-4.1.73.Final.jar;C:\Users\m_nakhjiri\.m2\repository\io\netty\netty-resolver\4.1.73.Final\netty-resolver-4.1.73.Final.jar;C:\Users\m_nakhjiri\.m2\repository\io\opentelemetry\opentelemetry-api\1.10.1\opentelemetry-api-1.10.1.jar;C:\Users\m_nakhjiri\.m2\repository\io\opentelemetry\opentelemetry-context\1.10.1\opentelemetry-context-1.10.1.jar;C:\Users\m_nakhjiri\.m2\repository\io\opentelemetry\opentelemetry-exporter-logging\1.10.1\opentelemetry-exporter-logging-1.10.1.jar;C:\Users\m_nakhjiri\.m2\repository\io\opentelemetry\opentelemetry-sdk-metrics\1.10.1-alpha\opentelemetry-sdk-metrics-1.10.1-alpha.jar;C:\Users\m_nakhjiri\.m2\repository\io\opentelemetry\opentelemetry-sdk-logs\1.10.1-alpha\opentelemetry-sdk-logs-1.10.1-alpha.jar;C:\Users\m_nakhjiri\.m2\repository\io\opentelemetry\opentelemetry-sdk-common\1.10.1\opentelemetry-sdk-common-1.10.1.jar;C:\Users\m_nakhjiri\.m2\repository\io\opentelemetry\opentelemetry-sdk-extension-autoconfigure-spi\1.10.1\opentelemetry-sdk-extension-autoconfigure-spi-1.10.1.jar;C:\Users\m_nakhjiri\.m2\repository\io\opentelemetry\opentelemetry-sdk-extension-autoconfigure\1.10.1-alpha\opentelemetry-sdk-extension-autoconfigure-1.10.1-alpha.jar;C:\Users\m_nakhjiri\.m2\repository\io\opentelemetry\opentelemetry-sdk-trace\1.10.1\opentelemetry-sdk-trace-1.10.1.jar;C:\Users\m_nakhjiri\.m2\repository\io\opentelemetry\opentelemetry-sdk\1.10.1\opentelemetry-sdk-1.10.1.jar;C:\Users\m_nakhjiri\.m2\repository\io\opentelemetry\opentelemetry-semconv\1.10.1-alpha\opentelemetry-semconv-1.10.1-alpha.jar;C:\Users\m_nakhjiri\.m2\repository\io\ous\jtoml\2.0.0\jtoml-2.0.0.jar;C:\Users\m_nakhjiri\.m2\repository\net\bytebuddy\byte-buddy\1.12.7\byte-buddy-1.12.7.jar;C:\Users\m_nakhjiri\.m2\repository\org\apache\commons\commons-exec\1.3\commons-exec-1.3.jar;C:\Users\m_nakhjiri\.m2\repository\org\asynchttpclient\async-http-client\2.12.3\async-http-client-2.12.3.jar;C:\Users\m_nakhjiri\.m2\repository\org\asynchttpclient\async-http-client-netty-utils\2.12.3\async-http-client-netty-utils-2.12.3.jar;C:\Users\m_nakhjiri\.m2\repository\io\netty\netty-codec-socks\4.1.60.Final\netty-codec-socks-4.1.60.Final.jar;C:\Users\m_nakhjiri\.m2\repository\io\netty\netty-handler-proxy\4.1.60.Final\netty-handler-proxy-4.1.60.Final.jar;C:\Users\m_nakhjiri\.m2\repository\io\netty\netty-transport-native-epoll\4.1.60.Final\netty-transport-native-epoll-4.1.60.Final-linux-x86_64.jar;C:\Users\m_nakhjiri\.m2\repository\io\netty\netty-transport-native-kqueue\4.1.60.Final\netty-transport-native-kqueue-4.1.60.Final-osx-x86_64.jar;C:\Users\m_nakhjiri\.m2\repository\org\reactivestreams\reactive-streams\1.0.3\reactive-streams-1.0.3.jar;C:\Users\m_nakhjiri\.m2\repository\com\typesafe\netty\netty-reactive-streams\2.0.4\netty-reactive-streams-2.0.4.jar;C:\Users\m_nakhjiri\.m2\repository\org\slf4j\slf4j-api\1.7.30\slf4j-api-1.7.30.jar;C:\Users\m_nakhjiri\.m2\repository\com\sun\activation\jakarta.activation\1.2.2\jakarta.activation-1.2.2.jar;C:\Users\m_nakhjiri\.m2\repository\org\seleniumhq\selenium\selenium-http\4.1.2\selenium-http-4.1.2.jar;C:\Users\m_nakhjiri\.m2\repository\net\jodah\failsafe\2.4.4\failsafe-2.4.4.jar;C:\Users\m_nakhjiri\.m2\repository\org\seleniumhq\selenium\selenium-safari-driver\4.1.2\selenium-safari-driver-4.1.2.jar;C:\Users\m_nakhjiri\.m2\repository\org\seleniumhq\selenium\selenium-support\4.1.2\selenium-support-4.1.2.jar;"/>
<property name="user.country" value="US"/>
<property name="user.dir" value="F:\MyProject\Selenium-New-Version\xray-test"/>
<property name="user.home" value="C:\Users\m_nakhjiri"/>
<property name="user.language" value="en"/>
<property name="user.name" value="m_nakhjiri"/>
<property name="user.script" value=""/>
<property name="user.timezone" value="GMT+03:30"/>
<property name="user.variant" value=""/>
<property name="webdriver.chrome.driver" value="E:/chrome/chromedriver.exe"/>
</properties>
<testcase name="successLogin" classname="com.idera.xray.tutorials.LoginTests" time="7" started-at="2025-09-20T06:28:45.0486752" finished-at="2025-09-20T06:28:52.4436756">
<system-out><![CDATA[
unique-id: [engine:junit-jupiter]/[class:com.idera.xray.tutorials.LoginTests]/[method:successLogin()]
display-name: successLogin()
]]></system-out>
<properties>
<property name="test_key" value="XTP-31"/>
<property name="_dummy_" value=""/>
</properties>
</testcase>
<testcase name="nosuccessLogin" classname="com.idera.xray.tutorials.LoginTests" time="7" started-at="2025-09-20T06:28:52.4456754" finished-at="2025-09-20T06:29:00.138675">
<system-out><![CDATA[
unique-id: [engine:junit-jupiter]/[class:com.idera.xray.tutorials.LoginTests]/[method:nosuccessLogin(app.getxray.xray.junit.customjunitxml.XrayTestReporter)]
display-name: nosuccessLogin(XrayTestReporter)
]]></system-out>
<system-out><![CDATA[

]]></system-out>
<properties>
<property name="testrun_comment"><![CDATA[auth should have failed]]></property>

<property name="test_description"><![CDATA[login attempt with invalid credentials]]></property>
<property name="test_summary" value="invalid login test"/>
<property name="testrun_evidence">
<item name="screenshot263741702013373967.png">iVBORw0KGgoAAAANSUhEUgAAA6EAAANpCAIAAAB1gqikAAAQAElEQVR4nOzdUWhc94Hv8eOlCza0IMNdkCCFK5NAxjiwMimsw70PsclDJWyIQwsrYcOusxe6KYVWimETb4O7Ti/Y0vahSRfurfoQYxUa7ECMVNhS5aEQF7ZECzYeQ2yrsAHrYSGCFmK4Ad+Z0YzmjDSSJVnp2j9/PvjBMzoz8z8zI/Sdc/7nzJdu3bpVAABAkC8VAACQReMCAJBG4wIAkEbjAgCQRuMCAJBG4wIAkEbjAgCQRuMCAJBG4wIAkEbjAgCQRuMCAJBG4wIAkEbjAgCQRuMCAJBG4wIAkEbjAgCQRuMCAJBG4wIAkEbjAgCQRuMCAJBG4wIAkEbjAgCQRuMCAJBG4wIAkEbjAgCQRuMCAJBG4wIAkEbjAgCQRuMCAJBG4wIAkEbjAgCQRuMCAJBG4wIAkEbjAgCQRuMCAJBG4wIAkEbjAgCQRuMCAJBG4wIAkEbjAgCQRuMCAJBG4wIAkEbjAgCQRuMCAJBG4wIAkEbjAgCQRuMCAJBG4wIAkEbjAgCQRuMCAJBG4wIAkEbjAgCQRuMCAJBG4wIAkEbjAgCQRuMCAJBG4wIAkEbjAgCQRuMCAJBG4wIAkEbjAgCQRuMCAJBG4wIAkEbjAgCQRuMCAJBG4wIAkEbjAgCQRuMCAJBG4wIAkEbjAgCQRuMCAJBG4wIAkEbjAgCQRuMCAJBG4wIAkEbjAgCQRuMCAJBG4wIAkEbjAgCQRuPyQM6fP18AwBfj2LFjBWyJxuVBvfHGGwUAbLfTp08XsFUaFwCANBoXAIA0GhcAgDQaFwCANBoXAIA0GhcAgDQaFwCANBoXAIA0GhcAgDQaFwCANBoXAIA0GhcAgDQaFwCANBoXAIA0GhcAgDQaFwCANBoXAIA0GhcAgDQaFwCANBoXAIA0GhcAgDQaFwCANBoXAIA0GhcAgDQaFwCANBoXAIA0GhcAgDQaFwCANBoXAIA0GhcAgDQaFwCANBoXAIA0GhcAgDQaFwCANH9WwMPv5sTeHZv0zMR8EWZ+4pn7rfXuvr6v7h/6/uTcwt0CAB5jGheCLC4sfDI3808v7+/rO/Tjqs4F4LGlcSHS4ux39j53rloAwGNJ40KsuZPfnvykAIDHkMbl0TP8/r37uzraX0Q7Nt25wp99euf69D8O9nYsNDvx87hpyQCwARoXMuzs6a0M/mC6eml4Z+na6m+umJULwGNI4/I4mBlpn3pgZKYoFt57ef/u1qkIKofGfrlYW2j+XPvkDXvPzReLVyaO7tm1dHlX3/7jkyuP4bo7P/svp4a+1rf7z3e0lurbf+TU5L8vdh3Epu9/S3peHDna8ah37hSdg/7g7VNH9vf17SqdjmFX82wM/7n2/d5dmP3xyP7lW+3ee+h7S8t3nO1h5HK3m96cmTi+v293++QP6zxLALAtNC6PnTuXRypHJ+daibV446O7X+lZudDncxMvPDf23nwzO+8uzH1S7G5vIL1b/fFQ3649h/7+zZnfLSx+3rp2YWHu8psvD+zeceDUlf9cdxD3uf8vxt3qxIFdew5++83LcwsdJxe72zwbw1/0vfTzhS43vDF5qK/v0Hem2qckW6zO/qi2/J5vf7Cw3iN+vjjzvb27nhoaOz+3sNy0i81nqW9wsvp5AQBfBI3L42bq5SNTHZsQnx8/9T9WLlR97aWx35Wv6HnlBydaU13rpyzY+52Z9eLut28+99RLU2sf77Xu/T+QxfcuXCpffqa/NS95ceqbe8d+u/6tFy4NH5y42XndzYn9lZdn19g2/fbB58auFWuNZeZv+4d+tOa5HRZ++fLeAxMyF4Avgsbl0TN1ZMf91CckrOfZ139957PmwVqza8Vlz9GfXf/s/y0t9OlbrQ5e/PnIoR+3D+TqeeH16epnSwd9Xf/FifaBbouXRv7nqbn1Aq77/W/R53cXF6oz3z/Uf3SqvIX24PPPNf/32zOvlCYSDPxD6wn4w51f//BgaQtydfLdcpUuTP6vsbnSmA+eXbrhZ59e/enRdat84f++NHR+cfUN78y+fmD5CxZ/N/bSjxwVB8D207g8hg689d6Zg733mRmw81sXL/5NZeeKr7v+fPbU37b7eedfX5yfOTP4dOOudvZUvvHT29XxgeUf//7NkbUDrvv9b9z5oY6q//Ndu/v2Dv1T5/bWnhOjf93q0L86Mz//0cWzo4PP9u58/q2ZH7aegC/3HvyH8dFSrVarpTFfe+vND9qXKj/88NevLt1wZ8++ExerF4fXehY/nz3zndnlSwNn2zfsff7Mh1deX/4wUD15asamXAC2m8bl8fP8iZeeuO9CO08MH1x97d133367vZn0wPjZoz0rIvXp0bdfbQdj9fsTV4pN3P+26hl+Z3zwy+1H7PnvA0dfHZ/+tzufzb7SuQW2Z/d/634X87+8VAre4fFXK523O3rmB5Xut/ztpcn2EzU49q3OxZ498cq+5QtTF35ZAMD20rg8dnbu27uBma/PDTzZ5drZX5Umu67Ryge+WZr8cHd29kax8fvfNl868PqV+QuHe9Zb5vO7i7+fm6mfGmL/WnNq5+ZK8xYODx1ctdW5//nuExbmr8y2E3ffwQNfXnm7SntzdzF7Za4AgG215R2l8F9m+P17Fw4XW9b/1Y0c3NXb12Wp+eq/lS490df9jp7o31sUrSPSqtc/rm3c3eD9P6CdvU/07H7q4NFjY2PHBnq6/nJ/fnfh32cu/J+3Jy9/WF2477nK5uevli719HSZmPD03v1FsXr2c7VaiuNrY3t2jBVrW/h9bWPxQAEA20fjwnb7IvJ1tWPT994Z3NQtFn87MfLi2Lrng9i8L/d031a8qSm2V+drkRv+vXQA/GmZq8Bjp69n1/0X2rl7d7FVC3fun5EPcv9bc2Pi4IHOwN3ZO3D4xOs/mf5o/qMz+4ot+uOi73IA4CFkOy6Pnd7eDWxmfbK/20L9la/V9ry3Ln1Sb9kui92c+7B9obL3qWLD9//FuTv1WukUYD0H3/pg+pW/XJ56MD/b/Vb9/c+U1ndx8W4tjFcscuP6R91uWXmmUhSt6Qr7xm9fHbWZFoA/JdtxYRMOvlCaHvDB5MVu3/Jw5f2L7YmuvUcHny4eArOz77UvVE6+VQrcmrt315haMDBQOh/C5enZVYtV35/qutG6f99z7QvXPvJFDwD8iWlc2ISdh0eOti9dGTt5aXFFvd2YeOVcu/oOvPbth+RYqs9K///0D51Hm/3uwmT3kz8U/V8/Wtr+OjV2rvNLyxYvnTm3xgmAXxh+pV3RU6fW/rYzAPgiaFwePRv4nrPGd51dLrbfl4fH/7ldrXd//lL/4KmZG41kvLtYffflPZXSlIBnxye/9aedkrCmyv7SjNuF//3Sty83zqqwNOavvdkRqp+U5hPvGztTOoVF9bXnDp2bXbrlwgcTh/pfmlrr3AxfOjhaOnXu3MnGDf/YuPDHhdlzh/p29e0/8vKpf5mZ+/3ifc/vAACbpXFhc/q/Ozt9rH0ugcVfvTlU2VVv6l27935zsvQlv8PTvxqtPCwz3vtHvlP+yon5t4/07Vo95iV3Fj5tX+gZ/slPS7dcnD15aOmWfQfHZtc93Kz/uxfHn+284VcaHz6+0nfoZC2UF+YuT77590P7+w++faMAgO2lcWGzegbfmf/w7OA6W2h7vz7+4fyFwZ7i4dH7dxen/2aNIfcOjv/rW+2JxjemZ8vzjJ848evq+IGusd5z8K1fnFnji85qm3Iro7+5/tbX192SXXvoK7OjD8WUZQCiaFzYgp4Dr07f+ezORz97ffDZ3uVvW9jZWzn4d+PT1c/uzIweeJgCt6Fn8Gd3Pv3NW8PtAe/sffrg6M8++vQ/pkdfeOno88tLXpn4SecXjz09+uEfbl/8x8GB1krt7B0YPjt9+86vXxnoONHCrhUpvLPyysydT+d++vrhgd7e9pI7e3sHDo+Oz1z/rPbQf/XQPVMABNhx69atArbq/Pnzb7zxRsFj6+bE3qfGWgeUVcY/vj76hX5HMfA4OX369LFjxwrYEttxgbVdfnlX395Dw2MT5xsHh60+Bdh/zJem8z5XEbgAPBw0LrC2SqV/oTr784mx40P7+3fv+ouRS5+0zoJwd3H+g4lDR99ePivCzm8Nb+7LhQHgC6NxgbU9eeJU6dxhxeLUS1/d1Tw3267dezpOrTBw5nsHCwB4OGhcYB09w7+4/tYL9zss7EsHXr8yayYuAA8PjQusa2fllX/99NO5i+PfHRx4on0Sibqe3srzw6//7KM7f/jwjNMjAPAweVjOUA88zHr+8uho7d8/FwDwSNC4AACk0bgAAKTRuAAApNG4AACk0bgAAKTRuAAApNG4AACk0bgAAKTRuAAApNG4AACk0bgAAKTRuAAApNG4AACk0bgAAKTRuAAApNG4AACk0bgAAKTRuAAApNG4AACk0bgAAKTRuAAApNG4AACk0bgAAKTRuAAApNG4AACk+bMCHnI3J/bu2DFyudgu8+f27nhmYn5TtynmJ57Z0TAys85Sl0daC9SX33tukw+ywTWtL7Z34max/TYy/u1+OR5vjffV8fJ7amZk/fdYvPqb8It5ewOPGdtxeez0v3r93qubukUti4fGrg1P37swuP5yhy/cu1dE6B+9em+04E/u8oWpYyMXCgAelO24AA+L+RtzlWcqBQAPTOPyqKvt213WuZP38vJP9k6ca+8ALc1VqN925HLpHo532Us8c3zHnpPVopga2tHafd/YX99+1MvlR+y6o7n0ECumSZTuauS9Ymur32UVVs8oKM9wWGv8bZ1zFTY0yJXTG2rPW3tlL5depc5noL7Y8st0s7xeS6/aji57rpee59J9rlrTLmtXf6DjM6WHq79S7YudL/0ao1qptFh5vdZ/Xy3Pe6ldf6nz/uYvvVOceLG/eeFcez1KT2z95iPnmuu48rVbepUvl16vjgVKD905qvKKrHwRV1y/Yi5B58WlJ7k0mNVPTrfxl39VbxQA20Lj8iir/xEdmjo2fa9h+lgtQ1uJWfureWRu/OPGD94fGDs5tdZ9TB0Z299cbLg4P7Q6+AbfuXf7bG3T2nDtYa6/2l9/0KfGBt5fesz6j6aOrD99sNY6pUEOjO1ZHmTjroqzt5d+UpwcqxZb0WUVnjx6Yl8x9W47Yubfm6zuO3H0yWLT43/wQZZfi3u3x4uxPa0MqiXR0Pnh5lNTe5meKjdZdexk0fjR9dEnV9/p1NBr+5tjOlZ7Bjqe0jXX7vzQ2DONG308Xml8aGlfPD+03Hbrjqqtvtjc+O3mQ00PX2uvV7Hm+6pWeHvGivHWszk2dq10jzcvTRaN16j5yapoPmkfjxcn95TTc+rk5InGjy4cXj2u6tiR5k9rDz11ZEfHQw80V6u8yh0r0nispZt0v/7wyHBR/aj1Jph5t/abtXxxvjpXNLdD11709tum8aKXPtt0jL/+9pgaXnrJPj4xufavKsCmaFweYTM/GKvu3XA6IwAAEABJREFUG7/9TnOW7OA708PF1Fj9z/b8xGtTlbPTzTY6fKGWQWspLXZmvLMLu2rE4viZVlv0v3iiUvqT32X5c2NTtT7uMsjm+KdfXdpuN3ihFkNb0m0V+o8erxTnL7RWpraBsFo5frR/8+N/8EHW9r8XxUCl2an1mb73lp6NmxNj54vh91uznBsv09Rr7RKqnD2z9gToyvh7o80xfb8erBcaWXa/tRseX1qRxmeAYnm9GherV6sbGVXLzIXaYj9sjqE2ipHae2yuWhp8t/fV5VNj10ojr78ZSmojHaj0t8fQivsnR6fPVqonT7XfmsfGu3X/6ocuDb4W0LWH/n7rGW2vcj1Mi6XHbTzW9WY6r3V9ZX/716T2JFQq+4q5G0v7N+oP0dgOXf8FLI5NX2++bfpH3xuvXBs7dXn1+JtLNmO9saYFwHbQuDy6Ov8G19U7o/rOpfn639pi4On2Twa/sWaZlRfbiPoha1frjdLclfzU+ts163FZHBsZXDHIVlssdWdTZf/W/rx3XYVG3jXLbymtlnaCb3b8Dz7IpZEMrdqxXu/RYniktCWy/jJdaxfpui/NcjR3Ptb6a7dvefD9lYEVb56Njmr56gvN5mvOSRg63zm+boOv5/6+5pbahnovLqttEx3+RuOdUs/yjie649UsinXn7FaWZzt0DL4eqY1obk4h2NPahLz0cWho1TSbda9fqvmb1bl9J8aPV+q/dOV9BbUVuNY5yM4dC6Uf1ZdsrvXSvT89UABsB43Lo+2/4ACd1izDPSer9R2s9b3e91MPhbZWDNX/und4srKdf95LVVHfobycVpsb/3YMsl5X9Q2Wtf3mq2a4TnU8NUceeD/1Fl6dLjY0qtZc1aGpffUd+uvsK1jW3FTc1l96NmvbRMtt3T3iH0BrMm6t++szZ26Pt/K6/sGgvnm+tdatSQVrXl8L7muTl27Wo7Y4fnSwfrGe0bW1K38c2tCnx5v1D6odtvpJD2AFjcujbVU0dN84t42aEyTurTUbspvWZNy2+s76jm14dav/3j+Q5ekK9b3qy/GxyfFv1yDrWz2b81aL6thTy5sGh1c9Nfc7Qdu6tvLqdLGBUTWnEzR+eHV0g2+5VR/J5tvPZn2baDnv5qorJ0lvpf4aE0UalqZJfLz89ut0uPX61KK2PLG46/X1zzn1Tc213756yNYv1rYx199m5a5tTmAor8DqT6SrPzKtN3EGYBM0Lo+uxjaw0gzIpSmS9b+jjU2Y5T+xjSNjtsXKffeNXdubGuTy+QfqP1raydu03X/dmzu4j1+Yau+/3sr4Nz7I0keO+TVaePBCfdtqPeAae6U7Sm5LX89Rttm162Kjo6o/D+XNrvX33obuvLEFtH0v19pDLZZHXq/Zjie6sSIb3LJbnXyv9HJdbU6VWTlNojGfp4vDF+pHWHa8Y1dfX59vM/XuSGvDc/2D0Nxr9XnnrSekfk3H589V04dayrN7G2t6Y1s/6AGPMY3LI6x+sNG18kH6Q1PNg4r6R384XD051NwnfnmkMT1gW3b+Nppv+eifmxND9dOKddlk1R7kOx1H3C99ncTSkU9L4x9qHi8/M3Jku48oX5qucL40UWEL49/oIBs13zrKrbGazR80psa253Q2NrU2xlM/Iqq0TbcxmNJRXFuw6bXrYoOjqmdo89jBovneK7pN211x52fG91XHXmwWc/NWdR1nDSueHB2vnyyifa632hjWPQKvQ+c7v3mcWSOvl4/6mp94sTFTud6sK75rbebUyaUpB2tdX1ef5nt+aqq54bm+x6B6rTzvvP4LWLRPVdF4uNKxgCXNJZtztVsvGcCD07g8GlpTOZc1EmRpomdrtmvjPEftw+GXzvrUmE9ZTG/1lAWrDb5ze3xfa4biU5MnPq7PNO0yZaJ0iwulQe45OdD+vrTa+BunZFoafnG2NHl0e76wtzFdoejYtLnp8a8zyBXrWbrnPVfHb7cOkO9/9frts3ND7enIw9NXl08ssHTGt+Y80YH3H2SCQbGVtet+JxsYVe1peb/2OWpPc6WK6cb6rp5gsEL/6NXGibSatxpvTYqtbdDt+AzWOGNd0XwDN8bQOkfB/Q2fPTHZfOfPjX98ffkcC40zqTXfhpPHb9cnENejvDGk0usz1TwfwlrXNzTmTSy/r5YOFCsfOlb/BWy/bRrnLFtrRkf9V3W4ObDaS3a29Kv6xX1tNfAY2HHr1q0Ctur8+fNvvPFG8dCrbUrc886J21cfZBshPPRapwd+wI8K8JA4ffr0sWMbOJwTurEdl0iN0zmtsZsVAIj3pQIC1Q9smntqaEfrMKDK2dsb39ULADzqNC6h6lN1Rwt4rHjbA7RoXAAA0mhcAADSaFwAANJoXAAA0mhcAADSaFwAANJoXAAA0mhcAADSaFwAANJoXAAA0mhcAADSaFwAANJoXAAA0mhcAADSaFwAANJoXAAA0mhcAADSaFwAANJoXAAA0mhcAADSaFwAANJoXAAA0mhcAADSaFwAANJoXAAA0mhcAADSaFwAANJoXAAA0mhcAADSaFwAANJoXAAA0mhcAADSaFwAANJoXAAA0mhcAADSaFwAANJoXAAA0mhcAADSaFwAANJoXAAA0mhcAADSaFwAANJoXAAA0mhcAADSaFwAANJoXAAA0mhcAADSaFwAANJoXAAA0mhcAADSaFwAANJoXAAA0mhcAADSaFwAANJoXAAA0mhcAADSaFwAANJoXAAA0mhcAADSaFwAANJoXAAA0mhcAADSaFwAANJoXAAA0mhcAADSaFwAANJoXAAA0mhcAADSaFwAANJoXAAA0mhcAADSaFwAANJoXAAA0mhcAADSaFwAANJoXAAA0mhcAADSaFwAANJoXAAA0mhcAADSaFwAANJoXAAA0mhcAADSaFwAANJoXAAA0mhcAADSaFwAANJoXAAA0mhcAADSaFwAANJoXAAA0mhcAADSaFwAANJoXAAA0mhcAADSaFwAANJoXAAA0mhcAADSaFwAANJoXAAA0mhcAADSaFwAANJoXAAA0mhcAADSaFwAANJoXAAA0mhcAADSaFwAANJoXAAA0mhcAADSaFwAANJoXAAA0mhcAADSaFwAANJoXAAA0mhcAADSaFwAANJoXAAA0mhcAADSaFwAANJoXAAA0mhcAADSaFwAANJoXAAA0mhcAADSaFwAANJoXAAA0mhcAADSaFwAANJoXAAA0mhcAADSaFwAANJoXAAA0mhcAADSaFwAANJoXAAA0mhcAADSaFwAANJoXAAA0mhcAADSaFwAANJoXAAA0mhcAADSaFwAANJoXAAA0mhcAADSaFwAANJoXAAA0mhcAADSaFwAANJoXB7U6dOnCwCAh8mOW7duFQAAEMR2XAAA0mhcAADSaFwAANJoXAAA0mhcAADSaFwAANJoXAAA0mhcAADSaFwAANJoXAAA0mhcAADSaFwAANJoXAAA0mhcAADSaFwAANJoXAAA0mhcAADSaFwAANJoXAAA0mhcAADSaFwAANJoXAAA0mhcAADSaFwAANJoXAAA0mhcAADSaFwAANJoXAAA0mhcAADSaFwAANJoXAAA0mhcAADSaFwAANJoXAAA0mhcAADSaFwAANJoXAAA0mhcAADSaFwAANJoXAAA0mhcAADSaFwAANJoXAAA0mhcAADSaFwAANJoXAAA0mhcAADSaFwAANJoXAAA0mhcAADSaFwAANJoXAAA0mhcAADSaFwAANJoXAAA0mhcAADSaFwAANJoXAAA0mhcAADSaFwAANJoXAAA0mhcAADSaFwAANJoXAAA0mhcAADSaFwAANJoXAAA0mhcAADSaFwAANJoXAAA0mhcAADSaFwAANJoXAAA0mhcAADSaFwAANJoXAAA0mhcAADSaFwAANJoXAAA0mhcAADSaFwAANJoXAAA0mhcAADSaFwAANJoXAAA0mhcAADSaFwAANJoXAAA0mhcAADSaFwAANJoXAAA0mhcAADSaFwAANJoXAAA0mhcAADSaFwAANJoXAAA0mhcAADSaFwAANJoXAAA0mhcAADSaFwAANJoXAAA0mhcAADSaFwAANJoXAAA0mhcAADSaFwAANJoXAAA0mhcAADSaFwAANJoXAAA0mhcAADSaFwAANJoXAAA0mhcAADSaFwAANJoXAAA0mhcAADSaFwAANJoXAAA0mhcAADSaFwAANJoXAAA0mhcAADSaFwAANJoXAAA0mhcAADSaFwAANJoXAAA0mhcAADSaFwAANJoXAAA0mhcAADSaFwAANJoXAAA0mhcAADSaFwAANJoXAAA0mhcAADSaFwAANJoXAAA0mhcAADSaFwAANJoXAAA0mhcAADSaFwAANJoXAAA0mhcAADSaFwAANJoXAAA0mhcAADSaFwAANJoXAAA0mhcAADSaFwAANJoXAAA0mhcAADSaFwAANJoXAAA0mhcAADSaFwAANJoXAAA0mhcAADSaFwAANJoXAAA0mhcAADSaFwAANJoXAAA0mhcAADSaFwAANJoXAAA0mhcAADSaFwAANJoXAAA0mhcAADSaFwAANJoXAAA0mhcAADSaFwAANJoXAAA0mhcAADSaFwAANJoXAAA0mhcAADSaFwAANJoXAAA0mhcAADSaFwAANJoXAAA0mhcAADSaFwAANJoXAAA0mhcAADSaFwAANJoXAAA0mhcAADSaFwAANJoXAAA0mhcAADSaFwAANJoXAAA0mhcAADSaFwAANJoXAAA0mhcAADSaFwAANJoXAAA0mhcAADSaFwAANJoXAAA0mhcAADSaFwAANJoXAAA0mhcAADSaFwAANJoXAAA0mhcAADSaFwAANJoXAAA0mhcAADSaFwAANJoXAAA0mhcAADSaFwAANJoXAAA0mhcAADSaFwAANJoXAAA0mhcAADSaFwAANJoXAAA0mhcAADSaFwAANJoXAAA0mhcAADSaFwAANJoXAAA0mhcAADSaFwAANJoXAAA0mhcAADSaFwAANJoXAAA0mhcAADSaFwAANJoXAAA0mhcAADSaFwAANJoXAAA0mhcAADSaFwAANJoXAAA0mhcAADSaFwAANJoXAAA0mhcAADSaFwAANJoXAAA0mhcAADSaFwAANJoXAAA0mhcAADSaFwAANJoXAAA0mhcAADSaFwAANJoXAAA0mhcAADSaFwAANJoXAAA0mhcAADSaFwAANJoXAAA0mhcAADSaFwAANJoXAAA0mhcAADSaFwAANJoXAAA0mhcAADSaFwAANJoXAAA0mhcAADSaFwAANJoXAAA0mhcAADSaFwAANJoXAAA0mhcAADSaFwAANJoXAAA0mhcAADSaFwAANJoXAAA0mhcAADSaFwAANJoXAAA0mhcAADSaFwAANJoXAAA0mhcAADSaFwAANJoXAAA0mhcAADSaFwAANJoXAAA0mhcAADSaFwAANJoXAAA0mhcAADSaFwAANJoXAAA0mhcAADSaOjffAUAAARSSURBVFwAANJoXAAA0mhcAADSaFwAANJoXAAA0mhcAADSaFwAANJoXAAA0mhcAADSaFwAANJoXAAA0mhcAADSaFwAANJoXAAA0mhcAADSaFwAANJoXAAA0mhcAADSaFwAANJoXAAA0mhcAADSaFwAANJoXAAA0mhcAADSaFwAANJoXAAA0mhcAADSaFwAANJoXAAA0mhcAADSaFwAANJoXAAA0mhcAADSaFwAANJoXAAA0mhcAADSaFwAANJoXAAA0mhcAADSaFwAANJoXAAA0mhcAADSaFwAANJoXAAA0mhcAADSaFwAANJoXAAA0mhcAADSaFwAANJoXAAA0mhcAADSaFwAANJoXAAA0mhcAADSaFwAANJoXAAA0mhcAADSaFwAANJoXAAA0mhcAADSaFwAANJoXAAA0mhcAADSaFwAANJoXAAA0mhcAADSaFwAANJoXAAA0mhcAADSaFwAANJoXAAA0mhcAADSaFwAANJoXAAA0mhcAADSaFwAANJoXAAA0mhcAADSaFwAANJoXAAA0mhcAADSaFwAANJoXAAA0mhcAADSaFwAANJoXAAA0mhcAADSaFwAANJoXAAA0mhcAADSaFwAANJoXAAA0mhcAADSaFwAANJoXAAA0mhcAADSaFwAANJoXAAA0mhcAADSaFwAANJoXAAA0mhcAADSaFwAANJoXAAA0mhcAADSaFwAANJoXAAA0mhcAADSaFwAANJoXAAA0mhcAADSaFwAANJoXAAA0mhcAADSaFwAANJoXAAA0mhcAADSaFwAANJoXAAA0mhcAADSaFwAANJoXAAA0mhcAADSaFwAANJoXAAA0mhcAADSaFwAANJoXAAA0mhcAADSaFwAANJoXAAA0mhcAADSaFwAANJoXAAA0mhcAADSaFwAANJoXAAA0mhcAADSaFwAANJoXAAA0mhcAADSaFwAANJoXAAA0mhcAADSaFwAANJoXAAA0mhcAADSaFwAANJoXAAA0mhcAADSaFwAANJoXAAA0mhcAADSaFwAANJoXAAA0mhcAADSaFwAANJoXAAA0mhcAADSaFwAANJoXAAA0mhcAADSaFwAANJoXAAA0mhcAADSaFwAANJoXAAA0mhcAADSaFwAANJoXAAA0mhcAADSaFwAANJoXAAA0mhcAADSaFwAANJoXAAA0mhcAADSaFwAANJoXAAA0mhcAADSaFwAANJoXAAA0mhcAADSaFwAANJoXAAA0mhcAADSaFwAANJoXAAA0mhcAADSaFwAANJoXAAA0mhcAADSaFwAANJoXAAA0mhcAADSaFwAANJoXAAA0mhcAADSaFwAANJoXAAA0mhcAADSaFwAANJoXAAA0mhcAADSaFwAANJoXAAA0mhcAADSaFwAANJoXAAA0mhcAADSaFwAANJoXAAA0mhcAADSaFwAANJoXAAA0mhcAADSaFwAANJoXAAA0mhcAADSaFwAANL8fwAAAP//f7xDcQAAAAZJREFUAwBsaUn29fFwHwAAAABJRU5ErkJggg==</item>
</property>
<property name="_dummy_" value=""/>
</properties>
</testcase>
<system-out><![CDATA[
unique-id: [engine:junit-jupiter]
display-name: JUnit Jupiter
]]></system-out>
</testsuite>
